-> quickDemo
Pas de message pour le capteur 65.
16 bytes lus sur le capteur 66.
Message n. 210 arrive a 0 s et 20000000 ns : 660
16 bytes lus sur le capteur 67.
Message n. 214 arrive a 0 s et 160000000 ns : 670
16 bytes lus sur le capteur 68.
Message n. 218 arrive a 0 s et 260000000 ns : 680
16 bytes lus sur le capteur 69.
Message n. 212 arrive a 0 s et 80000000 ns : 690
16 bytes lus sur le capteur 70.
Message n. 219 arrive a 0 s et 280000000 ns : 700
16 bytes lus sur le capteur 71.
Message n. 221 arrive a 0 s et 360000000 ns : 710
16 bytes lus sur le capteur 72.
Message n. 223 arrive a 0 s et 420000000 ns : 720
16 bytes lus sur le capteur 73.
Message n. 215 arrive a 0 s et 180000000 ns : 730
Pas de message pour le capteur 74.
16 bytes lus sur le capteur 75.
Message n. 222 arrive a 0 s et 380000000 ns : 750
16 bytes lus sur le capteur 76.
Message n. 217 arrive a 0 s et 240000000 ns : 760
16 bytes lus sur le capteur 77.
Message n. 234 arrive a 0 s et 740000000 ns : 770
16 bytes lus sur le capteur 78.
Message n. 229 arrive a 0 s et 600000000 ns : 780
16 bytes lus sur le capteur 79.
Message n. 211 arrive a 0 s et 40000000 ns : 790

16 bytes lus sur le capteur 65.
Message n. 244 arrive a 1 s et 20000000 ns : 650
16 bytes lus sur le capteur 66.
Message n. 213 arrive a 0 s et 120000000 ns : 660
16 bytes lus sur le capteur 67.
Message n. 235 arrive a 0 s et 760000000 ns : 670
16 bytes lus sur le capteur 68.
Message n. 226 arrive a 0 s et 520000000 ns : 680
16 bytes lus sur le capteur 69.
Message n. 225 arrive a 0 s et 500000000 ns : 690
16 bytes lus sur le capteur 70.
Message n. 230 arrive a 0 s et 620000000 ns : 700
16 bytes lus sur le capteur 71.
Message n. 224 arrive a 0 s et 460000000 ns : 710
16 bytes lus sur le capteur 72.
Message n. 237 arrive a 0 s et 800000000 ns : 720
16 bytes lus sur le capteur 73.
Message n. 233 arrive a 0 s et 720000000 ns : 730
16 bytes lus sur le capteur 74.
Message n. 259 arrive a 1 s et 480000000 ns : 740
16 bytes lus sur le capteur 75.
Message n. 232 arrive a 0 s et 680000000 ns : 750
16 bytes lus sur le capteur 76.
Message n. 251 arrive a 1 s et 220000000 ns : 760
16 bytes lus sur le capteur 77.
Message n. 240 arrive a 0 s et 880000000 ns : 770
16 bytes lus sur le capteur 78.
Message n. 247 arrive a 1 s et 100000000 ns : 780
16 bytes lus sur le capteur 79.
Message n. 220 arrive a 0 s et 320000000 ns : 790

16 bytes lus sur le capteur 65.
Message n. 246 arrive a 1 s et 80000000 ns : 650
16 bytes lus sur le capteur 66.
Message n. 216 arrive a 0 s et 220000000 ns : 660
16 bytes lus sur le capteur 67.
Message n. 242 arrive a 0 s et 920000000 ns : 670
16 bytes lus sur le capteur 68.
Message n. 228 arrive a 0 s et 580000000 ns : 680
16 bytes lus sur le capteur 69.
Message n. 263 arrive a 1 s et 580000000 ns : 690
16 bytes lus sur le capteur 70.
Message n. 260 arrive a 1 s et 500000000 ns : 700
16 bytes lus sur le capteur 71.
Message n. 236 arrive a 0 s et 780000000 ns : 710
16 bytes lus sur le capteur 72.
Message n. 250 arrive a 1 s et 180000000 ns : 720
16 bytes lus sur le capteur 73.
Message n. 241 arrive a 0 s et 900000000 ns : 730
16 bytes lus sur le capteur 74.
Message n. 262 arrive a 1 s et 560000000 ns : 740
16 bytes lus sur le capteur 75.
Message n. 256 arrive a 1 s et 380000000 ns : 750
16 bytes lus sur le capteur 76.
Message n. 281 arrive a 2 s et 80000000 ns : 760
16 bytes lus sur le capteur 77.
Message n. 254 arrive a 1 s et 320000000 ns : 770
16 bytes lus sur le capteur 78.
Message n. 252 arrive a 1 s et 260000000 ns : 780
16 bytes lus sur le capteur 79.
Message n. 231 arrive a 0 s et 640000000 ns : 790

16 bytes lus sur le capteur 65.
Message n. 277 arrive a 1 s et 960000000 ns : 650
16 bytes lus sur le capteur 66.
Message n. 239 arrive a 0 s et 860000000 ns : 660
16 bytes lus sur le capteur 67.
Message n. 249 arrive a 1 s et 160000000 ns : 670
16 bytes lus sur le capteur 68.
Message n. 276 arrive a 1 s et 940000000 ns : 680
16 bytes lus sur le capteur 69.
Message n. 266 arrive a 1 s et 660000000 ns : 690
16 bytes lus sur le capteur 70.
Message n. 271 arrive a 1 s et 800000000 ns : 700
16 bytes lus sur le capteur 71.
Message n. 257 arrive a 1 s et 420000000 ns : 710
16 bytes lus sur le capteur 72.
Message n. 253 arrive a 1 s et 300000000 ns : 720
16 bytes lus sur le capteur 73.
Message n. 245 arrive a 1 s et 60000000 ns : 730
16 bytes lus sur le capteur 74.
Message n. 320 arrive a 3 s et 40000000 ns : 740
16 bytes lus sur le capteur 75.
Message n. 283 arrive a 2 s et 120000000 ns : 750
16 bytes lus sur le capteur 76.
Message n. 292 arrive a 2 s et 360000000 ns : 760
16 bytes lus sur le capteur 77.
Message n. 261 arrive a 1 s et 520000000 ns : 770
16 bytes lus sur le capteur 78.
Message n. 267 arrive a 1 s et 700000000 ns : 780
16 bytes lus sur le capteur 79.
Message n. 238 arrive a 0 s et 820000000 ns : 790

16 bytes lus sur le capteur 65.
Message n. 288 arrive a 2 s et 240000000 ns : 650
16 bytes lus sur le capteur 66.
Message n. 298 arrive a 2 s et 500000000 ns : 660
16 bytes lus sur le capteur 67.
Message n. 287 arrive a 2 s et 220000000 ns : 670
16 bytes lus sur le capteur 68.
Message n. 291 arrive a 2 s et 320000000 ns : 680
16 bytes lus sur le capteur 69.
Message n. 268 arrive a 1 s et 740000000 ns : 690
16 bytes lus sur le capteur 70.
Message n. 312 arrive a 2 s et 840000000 ns : 700
16 bytes lus sur le capteur 71.
Message n. 273 arrive a 1 s et 880000000 ns : 710
16 bytes lus sur le capteur 72.
Message n. 255 arrive a 1 s et 340000000 ns : 720
16 bytes lus sur le capteur 73.
Message n. 248 arrive a 1 s et 140000000 ns : 730
16 bytes lus sur le capteur 74.
Message n. 338 arrive a 3 s et 540000000 ns : 740
16 bytes lus sur le capteur 75.
Message n. 307 arrive a 2 s et 720000000 ns : 750
16 bytes lus sur le capteur 76.
Message n. 301 arrive a 2 s et 580000000 ns : 760
16 bytes lus sur le capteur 77.
Message n. 270 arrive a 1 s et 780000000 ns : 770
16 bytes lus sur le capteur 78.
Message n. 286 arrive a 2 s et 180000000 ns : 780
16 bytes lus sur le capteur 79.
Message n. 289 arrive a 2 s et 260000000 ns : 790

value = 0 = 0x0
-> 

